# JRE version: OpenJDK Runtime Environment (17.0.6) (build 17.0.6+0-b2043.56-10027231)
# Java VM: OpenJDK 64-Bit Server VM (17.0.6+0-b2043.56-10027231, mixed mode, tiered, compressed oops, compressed class ptrs, g1 gc, windows-amd64)
GC Precious Log:
 CPUs: 4 total, 4 available
 Memory: 7975M
 Large Page Support: Disabled
 NUMA Support: Disabled
 Compressed Oops: Enabled (32-bit)
 Heap Region Size: 1M
 Heap Min Capacity: 8M
 Heap Initial Capacity: 126M
 Heap Max Capacity: 1994M
 Pre-touch: Disabled
 Parallel Workers: 4
 Concurrent Workers: 1
 Concurrent Refinement Workers: 4
 Periodic GC: Disabled
Heap:
 garbage-first heap   total 87040K, used 35823K [0x0000000083600000, 0x0000000100000000)
  region size 1024K, 5 young (5120K), 2 survivors (2048K)
 Metaspace       used 47984K, committed 48256K, reserved 1097728K
  class space    used 5763K, committed 5888K, reserved 1048576K
GC Heap History (20 events):
Event: 1.321 GC heap before
{Heap before GC invocations=4 (full 0):
 garbage-first heap   total 45056K, used 35222K [0x0000000083600000, 0x0000000100000000)
  region size 1024K, 26 young (26624K), 5 survivors (5120K)
 Metaspace       used 28001K, committed 28288K, reserved 1081344K
  class space    used 3075K, committed 3200K, reserved 1048576K
}
Event: 1.327 GC heap after
{Heap after GC invocations=5 (full 0):
 garbage-first heap   total 45056K, used 16618K [0x0000000083600000, 0x0000000100000000)
  region size 1024K, 2 young (2048K), 2 survivors (2048K)
 Metaspace       used 28001K, committed 28288K, reserved 1081344K
  class space    used 3075K, committed 3200K, reserved 1048576K
}
Event: 1.545 GC heap before
{Heap before GC invocations=5 (full 0):
 garbage-first heap   total 45056K, used 33002K [0x0000000083600000, 0x0000000100000000)
  region size 1024K, 18 young (18432K), 2 survivors (2048K)
 Metaspace       used 31603K, committed 31808K, reserved 1081344K
  class space    used 3826K, committed 3904K, reserved 1048576K
}
Event: 1.552 GC heap after
{Heap after GC invocations=6 (full 0):
 garbage-first heap   total 45056K, used 19421K [0x0000000083600000, 0x0000000100000000)
  region size 1024K, 3 young (3072K), 3 survivors (3072K)
 Metaspace       used 31603K, committed 31808K, reserved 1081344K
  class space    used 3826K, committed 3904K, reserved 1048576K
}
Event: 1.688 GC heap before
{Heap before GC invocations=6 (full 0):
 garbage-first heap   total 45056K, used 33757K [0x0000000083600000, 0x0000000100000000)
  region size 1024K, 16 young (16384K), 3 survivors (3072K)
 Metaspace       used 31749K, committed 32000K, reserved 1081344K
  class space    used 3826K, committed 3904K, reserved 1048576K
}
Event: 1.697 GC heap after
{Heap after GC invocations=7 (full 0):
 garbage-first heap   total 54272K, used 24882K [0x0000000083600000, 0x0000000100000000)
  region size 1024K, 2 young (2048K), 2 survivors (2048K)
 Metaspace       used 31749K, committed 32000K, reserved 1081344K
  class space    used 3826K, committed 3904K, reserved 1048576K
}
Event: 1.890 GC heap before
{Heap before GC invocations=7 (full 0):
 garbage-first heap   total 54272K, used 38194K [0x0000000083600000, 0x0000000100000000)
  region size 1024K, 16 young (16384K), 2 survivors (2048K)
 Metaspace       used 34299K, committed 34560K, reserved 1081344K
  class space    used 4329K, committed 4416K, reserved 1048576K
}
Event: 1.897 GC heap after
{Heap after GC invocations=8 (full 0):
 garbage-first heap   total 54272K, used 27632K [0x0000000083600000, 0x0000000100000000)
  region size 1024K, 2 young (2048K), 2 survivors (2048K)
 Metaspace       used 34299K, committed 34560K, reserved 1081344K
  class space    used 4329K, committed 4416K, reserved 1048576K
}
Event: 1.980 GC heap before
{Heap before GC invocations=8 (full 0):
 garbage-first heap   total 54272K, used 33776K [0x0000000083600000, 0x0000000100000000)
  region size 1024K, 9 young (9216K), 2 survivors (2048K)
 Metaspace       used 35915K, committed 36160K, reserved 1081344K
  class space    used 4497K, committed 4608K, reserved 1048576K
}
Event: 1.984 GC heap after
{Heap after GC invocations=9 (full 0):
 garbage-first heap   total 54272K, used 28719K [0x0000000083600000, 0x0000000100000000)
  region size 1024K, 1 young (1024K), 1 survivors (1024K)
 Metaspace       used 35915K, committed 36160K, reserved 1081344K
  class space    used 4497K, committed 4608K, reserved 1048576K
}
Event: 2.102 GC heap before
{Heap before GC invocations=10 (full 0):
 garbage-first heap   total 54272K, used 41007K [0x0000000083600000, 0x0000000100000000)
  region size 1024K, 13 young (13312K), 1 survivors (1024K)
 Metaspace       used 37539K, committed 37824K, reserved 1089536K
  class space    used 4691K, committed 4800K, reserved 1048576K
}
Event: 2.106 GC heap after
{Heap after GC invocations=11 (full 0):
 garbage-first heap   total 54272K, used 28591K [0x0000000083600000, 0x0000000100000000)
  region size 1024K, 2 young (2048K), 2 survivors (2048K)
 Metaspace       used 37539K, committed 37824K, reserved 1089536K
  class space    used 4691K, committed 4800K, reserved 1048576K
}
Event: 2.261 GC heap before
{Heap before GC invocations=12 (full 0):
 garbage-first heap   total 54272K, used 40879K [0x0000000083600000, 0x0000000100000000)
  region size 1024K, 14 young (14336K), 2 survivors (2048K)
 Metaspace       used 39950K, committed 40192K, reserved 1089536K
  class space    used 4942K, committed 5056K, reserved 1048576K
}
Event: 2.266 GC heap after
{Heap after GC invocations=13 (full 0):
 garbage-first heap   total 54272K, used 30316K [0x0000000083600000, 0x0000000100000000)
  region size 1024K, 2 young (2048K), 2 survivors (2048K)
 Metaspace       used 39950K, committed 40192K, reserved 1089536K
  class space    used 4942K, committed 5056K, reserved 1048576K
}
Event: 2.402 GC heap before
{Heap before GC invocations=13 (full 0):
 garbage-first heap   total 54272K, used 40556K [0x0000000083600000, 0x0000000100000000)
  region size 1024K, 12 young (12288K), 2 survivors (2048K)
 Metaspace       used 42279K, committed 42560K, reserved 1089536K
  class space    used 5107K, committed 5248K, reserved 1048576K
}
Event: 2.406 GC heap after
{Heap after GC invocations=14 (full 0):
 garbage-first heap   total 54272K, used 31325K [0x0000000083600000, 0x0000000100000000)
  region size 1024K, 1 young (1024K), 1 survivors (1024K)
 Metaspace       used 42279K, committed 42560K, reserved 1089536K
  class space    used 5107K, committed 5248K, reserved 1048576K
}
Event: 2.549 GC heap before
{Heap before GC invocations=15 (full 0):
 garbage-first heap   total 60416K, used 40541K [0x0000000083600000, 0x0000000100000000)
  region size 1024K, 11 young (11264K), 1 survivors (1024K)
 Metaspace       used 44292K, committed 44608K, reserved 1089536K
  class space    used 5333K, committed 5504K, reserved 1048576K
}
Event: 2.552 GC heap after
{Heap after GC invocations=16 (full 0):
 garbage-first heap   total 60416K, used 32092K [0x0000000083600000, 0x0000000100000000)
  region size 1024K, 2 young (2048K), 2 survivors (2048K)
 Metaspace       used 44292K, committed 44608K, reserved 1089536K
  class space    used 5333K, committed 5504K, reserved 1048576K
}
Event: 2.848 GC heap before
{Heap before GC invocations=16 (full 0):
 garbage-first heap   total 60416K, used 46428K [0x0000000083600000, 0x0000000100000000)
  region size 1024K, 16 young (16384K), 2 survivors (2048K)
 Metaspace       used 47472K, committed 47744K, reserved 1097728K
  class space    used 5692K, committed 5824K, reserved 1048576K
}
Event: 2.853 GC heap after
{Heap after GC invocations=17 (full 0):
 garbage-first heap   total 87040K, used 33775K [0x0000000083600000, 0x0000000100000000)
  region size 1024K, 2 young (2048K), 2 survivors (2048K)
 Metaspace       used 47472K, committed 47744K, reserved 1097728K
  class space    used 5692K, committed 5824K, reserved 1048576K
}

